Training data CSV: /data7/andrusray/small.csv
{ data:
   [ { '': '0',
       aspect_ratio: '0.612941180100553',
       id: '309514611',
       image_height: '136',
       image_id: 'SPCP2-1559065494-963786-002-1376-340-144-136.tif',
       image_timestamp: 'Tue May 28 10:44:54 2019 PDT',
       image_url:
        '/static/roistore/SPCP2/18044/1804473/SPCP2-1559065494-963786-002-1376-340-144-136',
       image_width: '144',
       major_axis_length: '106',
       minor_axis_length: '65',
       tags: '[]',
       label: '20',
       image_date: '2019-05-28',
       image_time: '10:44:54',
       images:
        '/data6/yuanzhouyuan/hab/spici/DB/images/20190528/SPCP2-1559065494-963786-002-1376-340-144-136.jpg' },
     { '': '1',
       aspect_ratio: '0.824868050880907',
       id: '309514661',
       image_height: '72',
       image_id: 'SPCP2-1559065494-963785-000-1448-1932-56-72.tif',
       image_timestamp: 'Tue May 28 10:44:54 2019 PDT',
       image_url:
        '/static/roistore/SPCP2/18044/1804473/SPCP2-1559065494-963785-000-1448-1932-56-72',
       image_width: '56',
       major_axis_length: '44',
       minor_axis_length: '37',
       tags: '[]',
       label: '20',
       image_date: '2019-05-28',
       image_time: '10:44:54',
       images:
        '/data6/yuanzhouyuan/hab/spici/DB/images/20190528/SPCP2-1559065494-963785-000-1448-1932-56-72.jpg' },
     { '': '2',
       aspect_ratio: '0.828130117115872',
       id: '309514677',
       image_height: '80',
       image_id: 'SPCP2-1559065490-963761-000-1052-628-88-80.tif',
       image_timestamp: 'Tue May 28 10:44:50 2019 PDT',
       image_url:
        '/static/roistore/SPCP2/18044/1804473/SPCP2-1559065490-963761-000-1052-628-88-80',
       image_width: '88',
       major_axis_length: '55',
       minor_axis_length: '46',
       tags: "['hab_24']",
       label: '15',
       image_date: '2019-05-28',
       image_time: '10:44:50',
       images:
        '/data6/yuanzhouyuan/hab/spici/DB/images/20190528/SPCP2-1559065490-963761-000-1052-628-88-80.jpg' },
     { '': '3',
       aspect_ratio: '0.639701551324088',
       id: '309514578',
       image_height: '120',
       image_id: 'SPCP2-1559065489-963757-002-1492-420-80-120.tif',
       image_timestamp: 'Tue May 28 10:44:49 2019 PDT',
       image_url:
        '/static/roistore/SPCP2/18044/1804473/SPCP2-1559065489-963757-002-1492-420-80-120',
       image_width: '80',
       major_axis_length: '69',
       minor_axis_length: '44',
       tags: '[]',
       label: '20',
       image_date: '2019-05-28',
       image_time: '10:44:49',
       images:
        '/data6/yuanzhouyuan/hab/spici/DB/images/20190528/SPCP2-1559065489-963757-002-1492-420-80-120.jpg' },
     { '': '4',
       aspect_ratio: '0.709533905761742',
       id: '309514564',
       image_height: '104',
       image_id: 'SPCP2-1559065489-963760-000-1028-1092-96-104.tif',
       image_timestamp: 'Tue May 28 10:44:49 2019 PDT',
       image_url:
        '/static/roistore/SPCP2/18044/1804473/SPCP2-1559065489-963760-000-1028-1092-96-104',
       image_width: '96',
       major_axis_length: '67',
       minor_axis_length: '47',
       tags: "['hab_24']",
       label: '15',
       image_date: '2019-05-28',
       image_time: '10:44:49',
       images:
        '/data6/yuanzhouyuan/hab/spici/DB/images/20190528/SPCP2-1559065489-963760-000-1028-1092-96-104.jpg' },
     { '': '5',
       aspect_ratio: '0.5801048374912591',
       id: '309514542',
       image_height: '56',
       image_id: 'SPCP2-1559065488-963749-000-252-344-80-56.tif',
       image_timestamp: 'Tue May 28 10:44:48 2019 PDT',
       image_url:
        '/static/roistore/SPCP2/18044/1804473/SPCP2-1559065488-963749-000-252-344-80-56',
       image_width: '80',
       major_axis_length: '55',
       minor_axis_length: '32',
       tags: '[]',
       label: '20',
       image_date: '2019-05-28',
       image_time: '10:44:48',
       images:
        '/data6/yuanzhouyuan/hab/spici/DB/images/20190528/SPCP2-1559065488-963749-000-252-344-80-56.jpg' },
     { '': '6',
       aspect_ratio: '0.68890925565257',
       id: '309514531',
       image_height: '88',
       image_id: 'SPCP2-1559065488-963751-001-1008-1024-144-88.tif',
       image_timestamp: 'Tue May 28 10:44:48 2019 PDT',
       image_url:
        '/static/roistore/SPCP2/18044/1804473/SPCP2-1559065488-963751-001-1008-1024-144-88',
       image_width: '144',
       major_axis_length: '75',
       minor_axis_length: '52',
       tags: '[]',
       label: '15',
       image_date: '2019-05-28',
       image_time: '10:44:48',
       images:
        '/data6/yuanzhouyuan/hab/spici/DB/images/20190528/SPCP2-1559065488-963751-001-1008-1024-144-88.jpg' },
     { '': '7',
       aspect_ratio: '0.810799471485347',
       id: '309514628',
       image_height: '96',
       image_id: 'SPCP2-1559065487-963744-005-424-896-112-96.tif',
       image_timestamp: 'Tue May 28 10:44:47 2019 PDT',
       image_url:
        '/static/roistore/SPCP2/18044/1804473/SPCP2-1559065487-963744-005-424-896-112-96',
       image_width: '112',
       major_axis_length: '68',
       minor_axis_length: '55',
       tags: '[]',
       label: '20',
       image_date: '2019-05-28',
       image_time: '10:44:47',
       images:
        '/data6/yuanzhouyuan/hab/spici/DB/images/20190528/SPCP2-1559065487-963744-005-424-896-112-96.jpg' },
     { '': '8',
       aspect_ratio: '0.8543954847951519',
       id: '309514699',
       image_height: '88',
       image_id: 'SPCP2-1559065487-963740-004-1920-2084-72-88.tif',
       image_timestamp: 'Tue May 28 10:44:47 2019 PDT',
       image_url:
        '/static/roistore/SPCP2/18044/1804473/SPCP2-1559065487-963740-004-1920-2084-72-88',
       image_width: '72',
       major_axis_length: '54',
       minor_axis_length: '46',
       tags: '[]',
       label: '20',
       image_date: '2019-05-28',
       image_time: '10:44:47',
       images:
        '/data6/yuanzhouyuan/hab/spici/DB/images/20190528/SPCP2-1559065487-963740-004-1920-2084-72-88.jpg' },
     { '': '9',
       aspect_ratio: '0.818144604269251',
       id: '309514529',
       image_height: '104',
       image_id: 'SPCP2-1559065484-963726-002-1972-736-104-104.tif',
       image_timestamp: 'Tue May 28 10:44:44 2019 PDT',
       image_url:
        '/static/roistore/SPCP2/18044/1804473/SPCP2-1559065484-963726-002-1972-736-104-104',
       image_width: '104',
       major_axis_length: '71',
       minor_axis_length: '58',
       tags: "['hab_24']",
       label: '15',
       image_date: '2019-05-28',
       image_time: '10:44:44',
       images:
        '/data6/yuanzhouyuan/hab/spici/DB/images/20190528/SPCP2-1559065484-963726-002-1972-736-104-104.jpg' },
     { '': '10',
       aspect_ratio: '0.869014279795955',
       id: '309514639',
       image_height: '144',
       image_id: 'SPCP2-1559065483-963718-002-684-1192-152-144.tif',
       image_timestamp: 'Tue May 28 10:44:43 2019 PDT',
       image_url:
        '/static/roistore/SPCP2/18044/1804473/SPCP2-1559065483-963718-002-684-1192-152-144',
       image_width: '152',
       major_axis_length: '91',
       minor_axis_length: '79',
       tags: '[]',
       label: '20',
       image_date: '2019-05-28',
       image_time: '10:44:43',
       images:
        '/data6/yuanzhouyuan/hab/spici/DB/images/20190528/SPCP2-1559065483-963718-002-684-1192-152-144.jpg' },
     { '': '' } ],
  errors:
   [ { type: 'FieldMismatch',
       code: 'TooFewFields',
       message: 'Too few fields: expected 15 fields but parsed 1',
       row: 11 } ],
  meta:
   { delimiter: ',',
     linebreak: '\n',
     aborted: false,
     truncated: false,
     cursor: 3746,
     fields:
      [ '',
        'aspect_ratio',
        'id',
        'image_height',
        'image_id',
        'image_timestamp',
        'image_url',
        'image_width',
        'major_axis_length',
        'minor_axis_length',
        'tags',
        'label',
        'image_date',
        'image_time',
        'images' ] } }
{ data:
   [ { '': '0',
       aspect_ratio: '0.612941180100553',
       id: '309514611',
       image_height: '136',
       image_id: 'SPCP2-1559065494-963786-002-1376-340-144-136.tif',
       image_timestamp: 'Tue May 28 10:44:54 2019 PDT',
       image_url:
        '/static/roistore/SPCP2/18044/1804473/SPCP2-1559065494-963786-002-1376-340-144-136',
       image_width: '144',
       major_axis_length: '106',
       minor_axis_length: '65',
       tags: '[]',
       label: '20',
       image_date: '2019-05-28',
       image_time: '10:44:54',
       images:
        '/data6/yuanzhouyuan/hab/spici/DB/images/20190528/SPCP2-1559065494-963786-002-1376-340-144-136.jpg' },
     { '': '1',
       aspect_ratio: '0.824868050880907',
       id: '309514661',
       image_height: '72',
       image_id: 'SPCP2-1559065494-963785-000-1448-1932-56-72.tif',
       image_timestamp: 'Tue May 28 10:44:54 2019 PDT',
       image_url:
        '/static/roistore/SPCP2/18044/1804473/SPCP2-1559065494-963785-000-1448-1932-56-72',
       image_width: '56',
       major_axis_length: '44',
       minor_axis_length: '37',
       tags: '[]',
       label: '20',
       image_date: '2019-05-28',
       image_time: '10:44:54',
       images:
        '/data6/yuanzhouyuan/hab/spici/DB/images/20190528/SPCP2-1559065494-963785-000-1448-1932-56-72.jpg' },
     { '': '2',
       aspect_ratio: '0.828130117115872',
       id: '309514677',
       image_height: '80',
       image_id: 'SPCP2-1559065490-963761-000-1052-628-88-80.tif',
       image_timestamp: 'Tue May 28 10:44:50 2019 PDT',
       image_url:
        '/static/roistore/SPCP2/18044/1804473/SPCP2-1559065490-963761-000-1052-628-88-80',
       image_width: '88',
       major_axis_length: '55',
       minor_axis_length: '46',
       tags: "['hab_24']",
       label: '15',
       image_date: '2019-05-28',
       image_time: '10:44:50',
       images:
        '/data6/yuanzhouyuan/hab/spici/DB/images/20190528/SPCP2-1559065490-963761-000-1052-628-88-80.jpg' },
     { '': '3',
       aspect_ratio: '0.639701551324088',
       id: '309514578',
       image_height: '120',
       image_id: 'SPCP2-1559065489-963757-002-1492-420-80-120.tif',
       image_timestamp: 'Tue May 28 10:44:49 2019 PDT',
       image_url:
        '/static/roistore/SPCP2/18044/1804473/SPCP2-1559065489-963757-002-1492-420-80-120',
       image_width: '80',
       major_axis_length: '69',
       minor_axis_length: '44',
       tags: '[]',
       label: '20',
       image_date: '2019-05-28',
       image_time: '10:44:49',
       images:
        '/data6/yuanzhouyuan/hab/spici/DB/images/20190528/SPCP2-1559065489-963757-002-1492-420-80-120.jpg' },
     { '': '4',
       aspect_ratio: '0.709533905761742',
       id: '309514564',
       image_height: '104',
       image_id: 'SPCP2-1559065489-963760-000-1028-1092-96-104.tif',
       image_timestamp: 'Tue May 28 10:44:49 2019 PDT',
       image_url:
        '/static/roistore/SPCP2/18044/1804473/SPCP2-1559065489-963760-000-1028-1092-96-104',
       image_width: '96',
       major_axis_length: '67',
       minor_axis_length: '47',
       tags: "['hab_24']",
       label: '15',
       image_date: '2019-05-28',
       image_time: '10:44:49',
       images:
        '/data6/yuanzhouyuan/hab/spici/DB/images/20190528/SPCP2-1559065489-963760-000-1028-1092-96-104.jpg' },
     { '': '5',
       aspect_ratio: '0.5801048374912591',
       id: '309514542',
       image_height: '56',
       image_id: 'SPCP2-1559065488-963749-000-252-344-80-56.tif',
       image_timestamp: 'Tue May 28 10:44:48 2019 PDT',
       image_url:
        '/static/roistore/SPCP2/18044/1804473/SPCP2-1559065488-963749-000-252-344-80-56',
       image_width: '80',
       major_axis_length: '55',
       minor_axis_length: '32',
       tags: '[]',
       label: '20',
       image_date: '2019-05-28',
       image_time: '10:44:48',
       images:
        '/data6/yuanzhouyuan/hab/spici/DB/images/20190528/SPCP2-1559065488-963749-000-252-344-80-56.jpg' },
     { '': '6',
       aspect_ratio: '0.68890925565257',
       id: '309514531',
       image_height: '88',
       image_id: 'SPCP2-1559065488-963751-001-1008-1024-144-88.tif',
       image_timestamp: 'Tue May 28 10:44:48 2019 PDT',
       image_url:
        '/static/roistore/SPCP2/18044/1804473/SPCP2-1559065488-963751-001-1008-1024-144-88',
       image_width: '144',
       major_axis_length: '75',
       minor_axis_length: '52',
       tags: '[]',
       label: '15',
       image_date: '2019-05-28',
       image_time: '10:44:48',
       images:
        '/data6/yuanzhouyuan/hab/spici/DB/images/20190528/SPCP2-1559065488-963751-001-1008-1024-144-88.jpg' },
     { '': '7',
       aspect_ratio: '0.810799471485347',
       id: '309514628',
       image_height: '96',
       image_id: 'SPCP2-1559065487-963744-005-424-896-112-96.tif',
       image_timestamp: 'Tue May 28 10:44:47 2019 PDT',
       image_url:
        '/static/roistore/SPCP2/18044/1804473/SPCP2-1559065487-963744-005-424-896-112-96',
       image_width: '112',
       major_axis_length: '68',
       minor_axis_length: '55',
       tags: '[]',
       label: '20',
       image_date: '2019-05-28',
       image_time: '10:44:47',
       images:
        '/data6/yuanzhouyuan/hab/spici/DB/images/20190528/SPCP2-1559065487-963744-005-424-896-112-96.jpg' },
     { '': '8',
       aspect_ratio: '0.8543954847951519',
       id: '309514699',
       image_height: '88',
       image_id: 'SPCP2-1559065487-963740-004-1920-2084-72-88.tif',
       image_timestamp: 'Tue May 28 10:44:47 2019 PDT',
       image_url:
        '/static/roistore/SPCP2/18044/1804473/SPCP2-1559065487-963740-004-1920-2084-72-88',
       image_width: '72',
       major_axis_length: '54',
       minor_axis_length: '46',
       tags: '[]',
       label: '20',
       image_date: '2019-05-28',
       image_time: '10:44:47',
       images:
        '/data6/yuanzhouyuan/hab/spici/DB/images/20190528/SPCP2-1559065487-963740-004-1920-2084-72-88.jpg' },
     { '': '' } ],
  errors:
   [ { type: 'FieldMismatch',
       code: 'TooFewFields',
       message: 'Too few fields: expected 15 fields but parsed 1',
       row: 9 } ],
  meta:
   { delimiter: ',',
     linebreak: '\n',
     aborted: false,
     truncated: false,
     cursor: 3081,
     fields:
      [ '',
        'aspect_ratio',
        'id',
        'image_height',
        'image_id',
        'image_timestamp',
        'image_url',
        'image_width',
        'major_axis_length',
        'minor_axis_length',
        'tags',
        'label',
        'image_date',
        'image_time',
        'images' ] } }
